# JRE version: Java(TM) SE Runtime Environment (8.0_60-b27) (build 1.8.0_60-b27)
# Java VM: Java HotSpot(TM) 64-Bit Server VM (25.60-b23 mixed mode linux-amd64 compressed oops)
Heap:
 PSYoungGen      total 73728K, used 4025K [0x00000000d6e00000, 0x00000000dbe80000, 0x0000000100000000)
  eden space 66560K, 6% used [0x00000000d6e00000,0x00000000d71ee580,0x00000000daf00000)
  from space 7168K, 0% used [0x00000000db680000,0x00000000db680000,0x00000000dbd80000)
  to   space 7680K, 0% used [0x00000000daf00000,0x00000000daf00000,0x00000000db680000)
 ParOldGen       total 82944K, used 44667K [0x0000000084a00000, 0x0000000089b00000, 0x00000000d6e00000)
  object space 82944K, 53% used [0x0000000084a00000,0x000000008759ec60,0x0000000089b00000)
 Metaspace       used 21640K, capacity 21898K, committed 22144K, reserved 1069056K
  class space    used 2566K, capacity 2631K, committed 2688K, reserved 1048576K
GC Heap History (10 events):
Event: 120.255 GC heap before
{Heap before GC invocations=47 (full 0):
 PSYoungGen      total 52736K, used 49070K [0x00000000d6e00000, 0x00000000da900000, 0x0000000100000000)
  eden space 45056K, 100% used [0x00000000d6e00000,0x00000000d9a00000,0x00000000d9a00000)
  from space 7680K, 52% used [0x00000000da180000,0x00000000da56b958,0x00000000da900000)
  to   space 7680K, 0% used [0x00000000d9a00000,0x00000000d9a00000,0x00000000da180000)
 ParOldGen       total 84992K, used 42655K [0x0000000084a00000, 0x0000000089d00000, 0x00000000d6e00000)
  object space 84992K, 50% used [0x0000000084a00000,0x00000000873a7da0,0x0000000089d00000)
 Metaspace       used 17259K, capacity 17490K, committed 17664K, reserved 1064960K
  class space    used 1943K, capacity 2019K, committed 2048K, reserved 1048576K
Event: 120.272 GC heap after
Heap after GC invocations=47 (full 0):
 PSYoungGen      total 52736K, used 3812K [0x00000000d6e00000, 0x00000000db300000, 0x0000000100000000)
  eden space 45056K, 0% used [0x00000000d6e00000,0x00000000d6e00000,0x00000000d9a00000)
  from space 7680K, 49% used [0x00000000d9a00000,0x00000000d9db9258,0x00000000da180000)
  to   space 7680K, 0% used [0x00000000dab80000,0x00000000dab80000,0x00000000db300000)
 ParOldGen       total 84992K, used 45274K [0x0000000084a00000, 0x0000000089d00000, 0x00000000d6e00000)
  object space 84992K, 53% used [0x0000000084a00000,0x00000000876368c0,0x0000000089d00000)
 Metaspace       used 17259K, capacity 17490K, committed 17664K, reserved 1064960K
  class space    used 1943K, capacity 2019K, committed 2048K, reserved 1048576K
}
Event: 121.635 GC heap before
{Heap before GC invocations=48 (full 0):
 PSYoungGen      total 52736K, used 48868K [0x00000000d6e00000, 0x00000000db300000, 0x0000000100000000)
  eden space 45056K, 100% used [0x00000000d6e00000,0x00000000d9a00000,0x00000000d9a00000)
  from space 7680K, 49% used [0x00000000d9a00000,0x00000000d9db9258,0x00000000da180000)
  to   space 7680K, 0% used [0x00000000dab80000,0x00000000dab80000,0x00000000db300000)
 ParOldGen       total 84992K, used 45274K [0x0000000084a00000, 0x0000000089d00000, 0x00000000d6e00000)
  object space 84992K, 53% used [0x0000000084a00000,0x00000000876368c0,0x0000000089d00000)
 Metaspace       used 18210K, capacity 18450K, committed 18560K, reserved 1064960K
  class space    used 2076K, capacity 2147K, committed 2176K, reserved 1048576K
Event: 121.644 GC heap after
Heap after GC invocations=48 (full 0):
 PSYoungGen      total 61952K, used 2048K [0x00000000d6e00000, 0x00000000db200000, 0x0000000100000000)
  eden space 55296K, 0% used [0x00000000d6e00000,0x00000000d6e00000,0x00000000da400000)
  from space 6656K, 30% used [0x00000000dab80000,0x00000000dad80348,0x00000000db200000)
  to   space 7168K, 0% used [0x00000000da400000,0x00000000da400000,0x00000000dab00000)
 ParOldGen       total 84992K, used 47437K [0x0000000084a00000, 0x0000000089d00000, 0x00000000d6e00000)
  object space 84992K, 55% used [0x0000000084a00000,0x0000000087853460,0x0000000089d00000)
 Metaspace       used 18210K, capacity 18450K, committed 18560K, reserved 1064960K
  class space    used 2076K, capacity 2147K, committed 2176K, reserved 1048576K
}
Event: 125.913 GC heap before
{Heap before GC invocations=49 (full 0):
 PSYoungGen      total 61952K, used 57344K [0x00000000d6e00000, 0x00000000db200000, 0x0000000100000000)
  eden space 55296K, 100% used [0x00000000d6e00000,0x00000000da400000,0x00000000da400000)
  from space 6656K, 30% used [0x00000000dab80000,0x00000000dad80348,0x00000000db200000)
  to   space 7168K, 0% used [0x00000000da400000,0x00000000da400000,0x00000000dab00000)
 ParOldGen       total 84992K, used 47437K [0x0000000084a00000, 0x0000000089d00000, 0x00000000d6e00000)
  object space 84992K, 55% used [0x0000000084a00000,0x0000000087853460,0x0000000089d00000)
 Metaspace       used 19749K, capacity 19966K, committed 20352K, reserved 1067008K
  class space    used 2293K, capacity 2373K, committed 2432K, reserved 1048576K
Event: 125.940 GC heap after
Heap after GC invocations=49 (full 0):
 PSYoungGen      total 62464K, used 3822K [0x00000000d6e00000, 0x00000000dbd80000, 0x0000000100000000)
  eden space 55296K, 0% used [0x00000000d6e00000,0x00000000d6e00000,0x00000000da400000)
  from space 7168K, 53% used [0x00000000da400000,0x00000000da7bbae8,0x00000000dab00000)
  to   space 7168K, 0% used [0x00000000db680000,0x00000000db680000,0x00000000dbd80000)
 ParOldGen       total 84992K, used 48856K [0x0000000084a00000, 0x0000000089d00000, 0x00000000d6e00000)
  object space 84992K, 57% used [0x0000000084a00000,0x00000000879b6250,0x0000000089d00000)
 Metaspace       used 19749K, capacity 19966K, committed 20352K, reserved 1067008K
  class space    used 2293K, capacity 2373K, committed 2432K, reserved 1048576K
}
Event: 127.942 GC heap before
{Heap before GC invocations=50 (full 0):
 PSYoungGen      total 62464K, used 41670K [0x00000000d6e00000, 0x00000000dbd80000, 0x0000000100000000)
  eden space 55296K, 68% used [0x00000000d6e00000,0x00000000d92f6110,0x00000000da400000)
  from space 7168K, 53% used [0x00000000da400000,0x00000000da7bbae8,0x00000000dab00000)
  to   space 7168K, 0% used [0x00000000db680000,0x00000000db680000,0x00000000dbd80000)
 ParOldGen       total 84992K, used 48856K [0x0000000084a00000, 0x0000000089d00000, 0x00000000d6e00000)
  object space 84992K, 57% used [0x0000000084a00000,0x00000000879b6250,0x0000000089d00000)
 Metaspace       used 20900K, capacity 21066K, committed 21248K, reserved 1069056K
  class space    used 2445K, capacity 2503K, committed 2560K, reserved 1048576K
Event: 127.959 GC heap after
Heap after GC invocations=50 (full 0):
 PSYoungGen      total 73728K, used 5330K [0x00000000d6e00000, 0x00000000dbe80000, 0x0000000100000000)
  eden space 66560K, 0% used [0x00000000d6e00000,0x00000000d6e00000,0x00000000daf00000)
  from space 7168K, 74% used [0x00000000db680000,0x00000000dbbb4998,0x00000000dbd80000)
  to   space 7680K, 0% used [0x00000000daf00000,0x00000000daf00000,0x00000000db680000)
 ParOldGen       total 84992K, used 51540K [0x0000000084a00000, 0x0000000089d00000, 0x00000000d6e00000)
  object space 84992K, 60% used [0x0000000084a00000,0x0000000087c550d0,0x0000000089d00000)
 Metaspace       used 20900K, capacity 21066K, committed 21248K, reserved 1069056K
  class space    used 2445K, capacity 2503K, committed 2560K, reserved 1048576K
}
Event: 127.959 GC heap before
{Heap before GC invocations=51 (full 1):
 PSYoungGen      total 73728K, used 5330K [0x00000000d6e00000, 0x00000000dbe80000, 0x0000000100000000)
  eden space 66560K, 0% used [0x00000000d6e00000,0x00000000d6e00000,0x00000000daf00000)
  from space 7168K, 74% used [0x00000000db680000,0x00000000dbbb4998,0x00000000dbd80000)
  to   space 7680K, 0% used [0x00000000daf00000,0x00000000daf00000,0x00000000db680000)
 ParOldGen       total 84992K, used 51540K [0x0000000084a00000, 0x0000000089d00000, 0x00000000d6e00000)
  object space 84992K, 60% used [0x0000000084a00000,0x0000000087c550d0,0x0000000089d00000)
 Metaspace       used 20900K, capacity 21066K, committed 21248K, reserved 1069056K
  class space    used 2445K, capacity 2503K, committed 2560K, reserved 1048576K
Event: 128.131 GC heap after
Heap after GC invocations=51 (full 1):
 PSYoungGen      total 73728K, used 0K [0x00000000d6e00000, 0x00000000dbe80000, 0x0000000100000000)
  eden space 66560K, 0% used [0x00000000d6e00000,0x00000000d6e00000,0x00000000daf00000)
  from space 7168K, 0% used [0x00000000db680000,0x00000000db680000,0x00000000dbd80000)
  to   space 7680K, 0% used [0x00000000daf00000,0x00000000daf00000,0x00000000db680000)
 ParOldGen       total 82944K, used 44667K [0x0000000084a00000, 0x0000000089b00000, 0x00000000d6e00000)
  object space 82944K, 53% used [0x0000000084a00000,0x000000008759ec60,0x0000000089b00000)
 Metaspace       used 20900K, capacity 21066K, committed 21248K, reserved 1069056K
  class space    used 2445K, capacity 2503K, committed 2560K, reserved 1048576K
}

