# JRE version: Java(TM) SE Runtime Environment (8.0_60-b27) (build 1.8.0_60-b27)
# Java VM: Java HotSpot(TM) 64-Bit Server VM (25.60-b23 mixed mode linux-amd64 compressed oops)
Heap:
 PSYoungGen      total 24064K, used 5938K [0x00000000d6e00000, 0x00000000d9800000, 0x0000000100000000)
  eden space 23552K, 23% used [0x00000000d6e00000,0x00000000d7384b20,0x00000000d8500000)
  from space 512K, 56% used [0x00000000d8500000,0x00000000d8548000,0x00000000d8580000)
  to   space 9728K, 0% used [0x00000000d8e80000,0x00000000d8e80000,0x00000000d9800000)
 ParOldGen       total 84992K, used 24732K [0x0000000084a00000, 0x0000000089d00000, 0x00000000d6e00000)
  object space 84992K, 29% used [0x0000000084a00000,0x00000000862271d8,0x0000000089d00000)
 Metaspace       used 11675K, capacity 11870K, committed 12160K, reserved 1060864K
  class space    used 1273K, capacity 1320K, committed 1408K, reserved 1048576K
GC Heap History (10 events):
Event: 68.415 GC heap before
{Heap before GC invocations=17 (full 0):
 PSYoungGen      total 36864K, used 26055K [0x00000000d6e00000, 0x00000000d9e00000, 0x0000000100000000)
  eden space 25600K, 100% used [0x00000000d6e00000,0x00000000d8700000,0x00000000d8700000)
  from space 11264K, 4% used [0x00000000d9300000,0x00000000d9371fc0,0x00000000d9e00000)
  to   space 11776K, 0% used [0x00000000d8700000,0x00000000d8700000,0x00000000d9280000)
 ParOldGen       total 84992K, used 23194K [0x0000000084a00000, 0x0000000089d00000, 0x00000000d6e00000)
  object space 84992K, 27% used [0x0000000084a00000,0x00000000860a6b60,0x0000000089d00000)
 Metaspace       used 11673K, capacity 11870K, committed 12160K, reserved 1060864K
  class space    used 1273K, capacity 1320K, committed 1408K, reserved 1048576K
Event: 68.417 GC heap after
Heap after GC invocations=17 (full 0):
 PSYoungGen      total 25600K, used 412K [0x00000000d6e00000, 0x00000000d9c80000, 0x0000000100000000)
  eden space 25088K, 0% used [0x00000000d6e00000,0x00000000d6e00000,0x00000000d8680000)
  from space 512K, 80% used [0x00000000d8700000,0x00000000d8767130,0x00000000d8780000)
  to   space 11264K, 0% used [0x00000000d9180000,0x00000000d9180000,0x00000000d9c80000)
 ParOldGen       total 84992K, used 23539K [0x0000000084a00000, 0x0000000089d00000, 0x00000000d6e00000)
  object space 84992K, 27% used [0x0000000084a00000,0x00000000860fce60,0x0000000089d00000)
 Metaspace       used 11673K, capacity 11870K, committed 12160K, reserved 1060864K
  class space    used 1273K, capacity 1320K, committed 1408K, reserved 1048576K
}
Event: 74.615 GC heap before
{Heap before GC invocations=18 (full 0):
 PSYoungGen      total 25600K, used 25500K [0x00000000d6e00000, 0x00000000d9c80000, 0x0000000100000000)
  eden space 25088K, 100% used [0x00000000d6e00000,0x00000000d8680000,0x00000000d8680000)
  from space 512K, 80% used [0x00000000d8700000,0x00000000d8767130,0x00000000d8780000)
  to   space 11264K, 0% used [0x00000000d9180000,0x00000000d9180000,0x00000000d9c80000)
 ParOldGen       total 84992K, used 23539K [0x0000000084a00000, 0x0000000089d00000, 0x00000000d6e00000)
  object space 84992K, 27% used [0x0000000084a00000,0x00000000860fce60,0x0000000089d00000)
 Metaspace       used 11673K, capacity 11870K, committed 12160K, reserved 1060864K
  class space    used 1273K, capacity 1320K, committed 1408K, reserved 1048576K
Event: 74.618 GC heap after
Heap after GC invocations=18 (full 0):
 PSYoungGen      total 35328K, used 481K [0x00000000d6e00000, 0x00000000d9c00000, 0x0000000100000000)
  eden space 24576K, 0% used [0x00000000d6e00000,0x00000000d6e00000,0x00000000d8600000)
  from space 10752K, 4% used [0x00000000d9180000,0x00000000d91f8538,0x00000000d9c00000)
  to   space 11264K, 0% used [0x00000000d8600000,0x00000000d8600000,0x00000000d9100000)
 ParOldGen       total 84992K, used 23837K [0x0000000084a00000, 0x0000000089d00000, 0x00000000d6e00000)
  object space 84992K, 28% used [0x0000000084a00000,0x00000000861476d0,0x0000000089d00000)
 Metaspace       used 11673K, capacity 11870K, committed 12160K, reserved 1060864K
  class space    used 1273K, capacity 1320K, committed 1408K, reserved 1048576K
}
Event: 79.517 GC heap before
{Heap before GC invocations=19 (full 0):
 PSYoungGen      total 35328K, used 25057K [0x00000000d6e00000, 0x00000000d9c00000, 0x0000000100000000)
  eden space 24576K, 100% used [0x00000000d6e00000,0x00000000d8600000,0x00000000d8600000)
  from space 10752K, 4% used [0x00000000d9180000,0x00000000d91f8538,0x00000000d9c00000)
  to   space 11264K, 0% used [0x00000000d8600000,0x00000000d8600000,0x00000000d9100000)
 ParOldGen       total 84992K, used 23837K [0x0000000084a00000, 0x0000000089d00000, 0x00000000d6e00000)
  object space 84992K, 28% used [0x0000000084a00000,0x00000000861476d0,0x0000000089d00000)
 Metaspace       used 11673K, capacity 11870K, committed 12160K, reserved 1060864K
  class space    used 1273K, capacity 1320K, committed 1408K, reserved 1048576K
Event: 79.518 GC heap after
Heap after GC invocations=19 (full 0):
 PSYoungGen      total 24576K, used 384K [0x00000000d6e00000, 0x00000000d9a80000, 0x0000000100000000)
  eden space 24064K, 0% used [0x00000000d6e00000,0x00000000d6e00000,0x00000000d8580000)
  from space 512K, 75% used [0x00000000d8600000,0x00000000d8660000,0x00000000d8680000)
  to   space 10752K, 0% used [0x00000000d9000000,0x00000000d9000000,0x00000000d9a80000)
 ParOldGen       total 84992K, used 24221K [0x0000000084a00000, 0x0000000089d00000, 0x00000000d6e00000)
  object space 84992K, 28% used [0x0000000084a00000,0x00000000861a7550,0x0000000089d00000)
 Metaspace       used 11673K, capacity 11870K, committed 12160K, reserved 1060864K
  class space    used 1273K, capacity 1320K, committed 1408K, reserved 1048576K
}
Event: 85.180 GC heap before
{Heap before GC invocations=20 (full 0):
 PSYoungGen      total 24576K, used 24448K [0x00000000d6e00000, 0x00000000d9a80000, 0x0000000100000000)
  eden space 24064K, 100% used [0x00000000d6e00000,0x00000000d8580000,0x00000000d8580000)
  from space 512K, 75% used [0x00000000d8600000,0x00000000d8660000,0x00000000d8680000)
  to   space 10752K, 0% used [0x00000000d9000000,0x00000000d9000000,0x00000000d9a80000)
 ParOldGen       total 84992K, used 24221K [0x0000000084a00000, 0x0000000089d00000, 0x00000000d6e00000)
  object space 84992K, 28% used [0x0000000084a00000,0x00000000861a7550,0x0000000089d00000)
 Metaspace       used 11673K, capacity 11870K, committed 12160K, reserved 1060864K
  class space    used 1273K, capacity 1320K, committed 1408K, reserved 1048576K
Event: 85.182 GC heap after
Heap after GC invocations=20 (full 0):
 PSYoungGen      total 32768K, used 320K [0x00000000d6e00000, 0x00000000d9900000, 0x0000000100000000)
  eden space 23552K, 0% used [0x00000000d6e00000,0x00000000d6e00000,0x00000000d8500000)
  from space 9216K, 3% used [0x00000000d9000000,0x00000000d9050000,0x00000000d9900000)
  to   space 10240K, 0% used [0x00000000d8500000,0x00000000d8500000,0x00000000d8f00000)
 ParOldGen       total 84992K, used 24509K [0x0000000084a00000, 0x0000000089d00000, 0x00000000d6e00000)
  object space 84992K, 28% used [0x0000000084a00000,0x00000000861ef4b0,0x0000000089d00000)
 Metaspace       used 11673K, capacity 11870K, committed 12160K, reserved 1060864K
  class space    used 1273K, capacity 1320K, committed 1408K, reserved 1048576K
}
Event: 91.787 GC heap before
{Heap before GC invocations=21 (full 0):
 PSYoungGen      total 32768K, used 23872K [0x00000000d6e00000, 0x00000000d9900000, 0x0000000100000000)
  eden space 23552K, 100% used [0x00000000d6e00000,0x00000000d8500000,0x00000000d8500000)
  from space 9216K, 3% used [0x00000000d9000000,0x00000000d9050000,0x00000000d9900000)
  to   space 10240K, 0% used [0x00000000d8500000,0x00000000d8500000,0x00000000d8f00000)
 ParOldGen       total 84992K, used 24509K [0x0000000084a00000, 0x0000000089d00000, 0x00000000d6e00000)
  object space 84992K, 28% used [0x0000000084a00000,0x00000000861ef4b0,0x0000000089d00000)
 Metaspace       used 11673K, capacity 11870K, committed 12160K, reserved 1060864K
  class space    used 1273K, capacity 1320K, committed 1408K, reserved 1048576K
Event: 91.789 GC heap after
Heap after GC invocations=21 (full 0):
 PSYoungGen      total 24064K, used 288K [0x00000000d6e00000, 0x00000000d9800000, 0x0000000100000000)
  eden space 23552K, 0% used [0x00000000d6e00000,0x00000000d6e00000,0x00000000d8500000)
  from space 512K, 56% used [0x00000000d8500000,0x00000000d8548000,0x00000000d8580000)
  to   space 9728K, 0% used [0x00000000d8e80000,0x00000000d8e80000,0x00000000d9800000)
 ParOldGen       total 84992K, used 24732K [0x0000000084a00000, 0x0000000089d00000, 0x00000000d6e00000)
  object space 84992K, 29% used [0x0000000084a00000,0x00000000862271d8,0x0000000089d00000)
 Metaspace       used 11673K, capacity 11870K, committed 12160K, reserved 1060864K
  class space    used 1273K, capacity 1320K, committed 1408K, reserved 1048576K
}

