# JRE version: Java(TM) SE Runtime Environment (8.0_60-b27) (build 1.8.0_60-b27)
# Java VM: Java HotSpot(TM) 64-Bit Server VM (25.60-b23 mixed mode linux-amd64 compressed oops)
Heap:
 PSYoungGen      total 126976K, used 42998K [0x00000000d6e00000, 0x00000000df980000, 0x0000000100000000)
  eden space 117760K, 29% used [0x00000000d6e00000,0x00000000d8f72480,0x00000000de100000)
  from space 9216K, 94% used [0x00000000df080000,0x00000000df90b710,0x00000000df980000)
  to   space 11264K, 0% used [0x00000000de380000,0x00000000de380000,0x00000000dee80000)
 ParOldGen       total 84992K, used 18709K [0x0000000084a00000, 0x0000000089d00000, 0x00000000d6e00000)
  object space 84992K, 22% used [0x0000000084a00000,0x0000000085c45750,0x0000000089d00000)
 Metaspace       used 11647K, capacity 11822K, committed 12160K, reserved 1060864K
  class space    used 1265K, capacity 1320K, committed 1408K, reserved 1048576K
GC Heap History (10 events):
Event: 4.454 GC heap before
{Heap before GC invocations=2 (full 0):
 PSYoungGen      total 36864K, used 36848K [0x00000000d6e00000, 0x00000000db600000, 0x0000000100000000)
  eden space 31744K, 100% used [0x00000000d6e00000,0x00000000d8d00000,0x00000000d8d00000)
  from space 5120K, 99% used [0x00000000d8d00000,0x00000000d91fc020,0x00000000d9200000)
  to   space 5120K, 0% used [0x00000000db100000,0x00000000db100000,0x00000000db600000)
 ParOldGen       total 84992K, used 5075K [0x0000000084a00000, 0x0000000089d00000, 0x00000000d6e00000)
  object space 84992K, 5% used [0x0000000084a00000,0x0000000084ef4f48,0x0000000089d00000)
 Metaspace       used 11433K, capacity 11630K, committed 11904K, reserved 1060864K
  class space    used 1262K, capacity 1320K, committed 1408K, reserved 1048576K
Event: 4.475 GC heap after
Heap after GC invocations=2 (full 0):
 PSYoungGen      total 68608K, used 5104K [0x00000000d6e00000, 0x00000000db600000, 0x0000000100000000)
  eden space 63488K, 0% used [0x00000000d6e00000,0x00000000d6e00000,0x00000000dac00000)
  from space 5120K, 99% used [0x00000000db100000,0x00000000db5fc020,0x00000000db600000)
  to   space 5120K, 0% used [0x00000000dac00000,0x00000000dac00000,0x00000000db100000)
 ParOldGen       total 84992K, used 7354K [0x0000000084a00000, 0x0000000089d00000, 0x00000000d6e00000)
  object space 84992K, 8% used [0x0000000084a00000,0x000000008512ead8,0x0000000089d00000)
 Metaspace       used 11433K, capacity 11630K, committed 11904K, reserved 1060864K
  class space    used 1262K, capacity 1320K, committed 1408K, reserved 1048576K
}
Event: 7.351 GC heap before
{Heap before GC invocations=3 (full 0):
 PSYoungGen      total 68608K, used 68592K [0x00000000d6e00000, 0x00000000db600000, 0x0000000100000000)
  eden space 63488K, 100% used [0x00000000d6e00000,0x00000000dac00000,0x00000000dac00000)
  from space 5120K, 99% used [0x00000000db100000,0x00000000db5fc020,0x00000000db600000)
  to   space 5120K, 0% used [0x00000000dac00000,0x00000000dac00000,0x00000000db100000)
 ParOldGen       total 84992K, used 7354K [0x0000000084a00000, 0x0000000089d00000, 0x00000000d6e00000)
  object space 84992K, 8% used [0x0000000084a00000,0x000000008512ead8,0x0000000089d00000)
 Metaspace       used 11551K, capacity 11694K, committed 11904K, reserved 1060864K
  class space    used 1262K, capacity 1320K, committed 1408K, reserved 1048576K
Event: 7.363 GC heap after
Heap after GC invocations=3 (full 0):
 PSYoungGen      total 68608K, used 5108K [0x00000000d6e00000, 0x00000000df400000, 0x0000000100000000)
  eden space 63488K, 0% used [0x00000000d6e00000,0x00000000d6e00000,0x00000000dac00000)
  from space 5120K, 99% used [0x00000000dac00000,0x00000000db0fd368,0x00000000db100000)
  to   space 5120K, 0% used [0x00000000def00000,0x00000000def00000,0x00000000df400000)
 ParOldGen       total 84992K, used 10242K [0x0000000084a00000, 0x0000000089d00000, 0x00000000d6e00000)
  object space 84992K, 12% used [0x0000000084a00000,0x0000000085400ac0,0x0000000089d00000)
 Metaspace       used 11551K, capacity 11694K, committed 11904K, reserved 1060864K
  class space    used 1262K, capacity 1320K, committed 1408K, reserved 1048576K
}
Event: 9.252 GC heap before
{Heap before GC invocations=4 (full 0):
 PSYoungGen      total 68608K, used 68596K [0x00000000d6e00000, 0x00000000df400000, 0x0000000100000000)
  eden space 63488K, 100% used [0x00000000d6e00000,0x00000000dac00000,0x00000000dac00000)
  from space 5120K, 99% used [0x00000000dac00000,0x00000000db0fd368,0x00000000db100000)
  to   space 5120K, 0% used [0x00000000def00000,0x00000000def00000,0x00000000df400000)
 ParOldGen       total 84992K, used 10242K [0x0000000084a00000, 0x0000000089d00000, 0x00000000d6e00000)
  object space 84992K, 12% used [0x0000000084a00000,0x0000000085400ac0,0x0000000089d00000)
 Metaspace       used 11614K, capacity 11822K, committed 12160K, reserved 1060864K
  class space    used 1262K, capacity 1320K, committed 1408K, reserved 1048576K
Event: 9.279 GC heap after
Heap after GC invocations=4 (full 0):
 PSYoungGen      total 132096K, used 5115K [0x00000000d6e00000, 0x00000000df400000, 0x0000000100000000)
  eden space 126976K, 0% used [0x00000000d6e00000,0x00000000d6e00000,0x00000000dea00000)
  from space 5120K, 99% used [0x00000000def00000,0x00000000df3fee60,0x00000000df400000)
  to   space 5120K, 0% used [0x00000000dea00000,0x00000000dea00000,0x00000000def00000)
 ParOldGen       total 84992K, used 13232K [0x0000000084a00000, 0x0000000089d00000, 0x00000000d6e00000)
  object space 84992K, 15% used [0x0000000084a00000,0x00000000856ec2d0,0x0000000089d00000)
 Metaspace       used 11614K, capacity 11822K, committed 12160K, reserved 1060864K
  class space    used 1262K, capacity 1320K, committed 1408K, reserved 1048576K
}
Event: 27.792 GC heap before
{Heap before GC invocations=5 (full 0):
 PSYoungGen      total 132096K, used 132091K [0x00000000d6e00000, 0x00000000df400000, 0x0000000100000000)
  eden space 126976K, 100% used [0x00000000d6e00000,0x00000000dea00000,0x00000000dea00000)
  from space 5120K, 99% used [0x00000000def00000,0x00000000df3fee60,0x00000000df400000)
  to   space 5120K, 0% used [0x00000000dea00000,0x00000000dea00000,0x00000000def00000)
 ParOldGen       total 84992K, used 13232K [0x0000000084a00000, 0x0000000089d00000, 0x00000000d6e00000)
  object space 84992K, 15% used [0x0000000084a00000,0x00000000856ec2d0,0x0000000089d00000)
 Metaspace       used 11643K, capacity 11822K, committed 12160K, reserved 1060864K
  class space    used 1264K, capacity 1320K, committed 1408K, reserved 1048576K
Event: 27.804 GC heap after
Heap after GC invocations=5 (full 0):
 PSYoungGen      total 127488K, used 5089K [0x00000000d6e00000, 0x00000000dfb80000, 0x0000000100000000)
  eden space 122368K, 0% used [0x00000000d6e00000,0x00000000d6e00000,0x00000000de580000)
  from space 5120K, 99% used [0x00000000dea00000,0x00000000deef8708,0x00000000def00000)
  to   space 11264K, 0% used [0x00000000df080000,0x00000000df080000,0x00000000dfb80000)
 ParOldGen       total 84992K, used 18709K [0x0000000084a00000, 0x0000000089d00000, 0x00000000d6e00000)
  object space 84992K, 22% used [0x0000000084a00000,0x0000000085c45750,0x0000000089d00000)
 Metaspace       used 11643K, capacity 11822K, committed 12160K, reserved 1060864K
  class space    used 1264K, capacity 1320K, committed 1408K, reserved 1048576K
}
Event: 51.044 GC heap before
{Heap before GC invocations=6 (full 0):
 PSYoungGen      total 127488K, used 127457K [0x00000000d6e00000, 0x00000000dfb80000, 0x0000000100000000)
  eden space 122368K, 100% used [0x00000000d6e00000,0x00000000de580000,0x00000000de580000)
  from space 5120K, 99% used [0x00000000dea00000,0x00000000deef8708,0x00000000def00000)
  to   space 11264K, 0% used [0x00000000df080000,0x00000000df080000,0x00000000dfb80000)
 ParOldGen       total 84992K, used 18709K [0x0000000084a00000, 0x0000000089d00000, 0x00000000d6e00000)
  object space 84992K, 22% used [0x0000000084a00000,0x0000000085c45750,0x0000000089d00000)
 Metaspace       used 11644K, capacity 11822K, committed 12160K, reserved 1060864K
  class space    used 1264K, capacity 1320K, committed 1408K, reserved 1048576K
Event: 51.073 GC heap after
Heap after GC invocations=6 (full 0):
 PSYoungGen      total 126976K, used 8749K [0x00000000d6e00000, 0x00000000df980000, 0x0000000100000000)
  eden space 117760K, 0% used [0x00000000d6e00000,0x00000000d6e00000,0x00000000de100000)
  from space 9216K, 94% used [0x00000000df080000,0x00000000df90b710,0x00000000df980000)
  to   space 11264K, 0% used [0x00000000de380000,0x00000000de380000,0x00000000dee80000)
 ParOldGen       total 84992K, used 18709K [0x0000000084a00000, 0x0000000089d00000, 0x00000000d6e00000)
  object space 84992K, 22% used [0x0000000084a00000,0x0000000085c45750,0x0000000089d00000)
 Metaspace       used 11644K, capacity 11822K, committed 12160K, reserved 1060864K
  class space    used 1264K, capacity 1320K, committed 1408K, reserved 1048576K
}

